2019-08-14T15:17:31.070+0200 I CONTROL  [main] Automatically disabling TLS 1.0, to force-enable TLS 1.0 specify --sslDisabledProtocols 'none'
2019-08-14T15:17:31.075+0200 I CONTROL  [initandlisten] MongoDB starting : pid=13804 port=27017 dbpath=/data/db 64-bit host=pc
2019-08-14T15:17:31.075+0200 I CONTROL  [initandlisten] db version v4.0.9
2019-08-14T15:17:31.075+0200 I CONTROL  [initandlisten] git version: fc525e2d9b0e4bceff5c2201457e564362909765
2019-08-14T15:17:31.075+0200 I CONTROL  [initandlisten] OpenSSL version: OpenSSL 1.1.1b  26 Feb 2019
2019-08-14T15:17:31.075+0200 I CONTROL  [initandlisten] allocator: tcmalloc
2019-08-14T15:17:31.076+0200 I CONTROL  [initandlisten] modules: none
2019-08-14T15:17:31.076+0200 I CONTROL  [initandlisten] build environment:
2019-08-14T15:17:31.076+0200 I CONTROL  [initandlisten]     distmod: ubuntu1804
2019-08-14T15:17:31.076+0200 I CONTROL  [initandlisten]     distarch: x86_64
2019-08-14T15:17:31.076+0200 I CONTROL  [initandlisten]     target_arch: x86_64
2019-08-14T15:17:31.076+0200 I CONTROL  [initandlisten] options: { systemLog: { quiet: true } }
2019-08-14T15:17:31.076+0200 I STORAGE  [initandlisten] Detected data files in /data/db created by the 'wiredTiger' storage engine, so setting the active storage engine to 'wiredTiger'.
2019-08-14T15:17:31.076+0200 I STORAGE  [initandlisten] 
2019-08-14T15:17:31.076+0200 I STORAGE  [initandlisten] ** WARNING: Using the XFS filesystem is strongly recommended with the WiredTiger storage engine
2019-08-14T15:17:31.076+0200 I STORAGE  [initandlisten] **          See http://dochub.mongodb.org/core/prodnotes-filesystem
2019-08-14T15:17:31.076+0200 I STORAGE  [initandlisten] wiredtiger_open config: create,cache_size=7458M,session_max=20000,eviction=(threads_min=4,threads_max=4),config_base=false,statistics=(fast),log=(enabled=true,archive=true,path=journal,compressor=snappy),file_manager=(close_idle_time=100000),statistics_log=(wait=0),verbose=(recovery_progress),
2019-08-14T15:17:32.990+0200 I STORAGE  [initandlisten] WiredTiger message [1565788652:990020][13804:0x7f0072c34c80], txn-recover: Main recovery loop: starting at 154/5120 to 155/256
2019-08-14T15:17:33.160+0200 I STORAGE  [initandlisten] WiredTiger message [1565788653:160198][13804:0x7f0072c34c80], txn-recover: Recovering log 154 through 155
2019-08-14T15:17:33.269+0200 I STORAGE  [initandlisten] WiredTiger message [1565788653:269323][13804:0x7f0072c34c80], txn-recover: Recovering log 155 through 155
2019-08-14T15:17:33.354+0200 I STORAGE  [initandlisten] WiredTiger message [1565788653:354783][13804:0x7f0072c34c80], txn-recover: Set global recovery timestamp: 0
2019-08-14T15:17:33.433+0200 I RECOVERY [initandlisten] WiredTiger recoveryTimestamp. Ts: Timestamp(0, 0)
2019-08-14T15:17:33.458+0200 I CONTROL  [initandlisten] 
2019-08-14T15:17:33.458+0200 I CONTROL  [initandlisten] ** WARNING: Access control is not enabled for the database.
2019-08-14T15:17:33.458+0200 I CONTROL  [initandlisten] **          Read and write access to data and configuration is unrestricted.
2019-08-14T15:17:33.458+0200 I CONTROL  [initandlisten] 
2019-08-14T15:17:33.458+0200 I CONTROL  [initandlisten] ** WARNING: This server is bound to localhost.
2019-08-14T15:17:33.458+0200 I CONTROL  [initandlisten] **          Remote systems will be unable to connect to this server. 
2019-08-14T15:17:33.458+0200 I CONTROL  [initandlisten] **          Start the server with --bind_ip <address> to specify which IP 
2019-08-14T15:17:33.458+0200 I CONTROL  [initandlisten] **          addresses it should serve responses from, or with --bind_ip_all to
2019-08-14T15:17:33.458+0200 I CONTROL  [initandlisten] **          bind to all interfaces. If this behavior is desired, start the
2019-08-14T15:17:33.458+0200 I CONTROL  [initandlisten] **          server with --bind_ip 127.0.0.1 to disable this warning.
2019-08-14T15:17:33.458+0200 I CONTROL  [initandlisten] 
2019-08-14T15:17:33.504+0200 I FTDC     [initandlisten] Initializing full-time diagnostic data capture with directory '/data/db/diagnostic.data'
2019-08-14T15:17:33.506+0200 I NETWORK  [initandlisten] waiting for connections on port 27017
internal/modules/cjs/loader.js:638
    throw err;
    ^

Error: Cannot find module '/home/karel/Projects/mdsArt/start'
    at Function.Module._resolveFilename (internal/modules/cjs/loader.js:636:15)
    at Function.Module._load (internal/modules/cjs/loader.js:562:25)
    at Function.Module.runMain (internal/modules/cjs/loader.js:829:12)
    at startup (internal/bootstrap/node.js:283:19)
    at bootstrapNodeJSCore (internal/bootstrap/node.js:622:3)
2019-08-14T15:17:39.912+0200 I CONTROL  [signalProcessingThread] got signal 15 (Terminated), will terminate after current cmd ends
2019-08-14T15:17:39.912+0200 I NETWORK  [signalProcessingThread] shutdown: going to close listening sockets...
2019-08-14T15:17:39.913+0200 I NETWORK  [signalProcessingThread] removing socket file: /tmp/mongodb-27017.sock
2019-08-14T15:17:39.913+0200 I CONTROL  [signalProcessingThread] Shutting down free monitoring
2019-08-14T15:17:39.913+0200 I FTDC     [signalProcessingThread] Shutting down full-time diagnostic data capture
2019-08-14T15:17:39.917+0200 I STORAGE  [signalProcessingThread] WiredTigerKVEngine shutting down
2019-08-14T15:17:39.921+0200 I STORAGE  [signalProcessingThread] Shutting down session sweeper thread
2019-08-14T15:17:39.922+0200 I STORAGE  [signalProcessingThread] Finished shutting down session sweeper thread
2019-08-14T15:17:40.033+0200 I STORAGE  [signalProcessingThread] shutdown: removing fs lock...
2019-08-14T15:17:40.033+0200 I CONTROL  [signalProcessingThread] now exiting
2019-08-14T15:17:40.034+0200 I CONTROL  [signalProcessingThread] shutting down with code:0
2019-08-14T15:17:59.214+0200 I CONTROL  [main] Automatically disabling TLS 1.0, to force-enable TLS 1.0 specify --sslDisabledProtocols 'none'
2019-08-14T15:17:59.219+0200 I CONTROL  [initandlisten] MongoDB starting : pid=13872 port=27017 dbpath=/data/db 64-bit host=pc
2019-08-14T15:17:59.220+0200 I CONTROL  [initandlisten] db version v4.0.9
2019-08-14T15:17:59.220+0200 I CONTROL  [initandlisten] git version: fc525e2d9b0e4bceff5c2201457e564362909765
2019-08-14T15:17:59.220+0200 I CONTROL  [initandlisten] OpenSSL version: OpenSSL 1.1.1b  26 Feb 2019
2019-08-14T15:17:59.220+0200 I CONTROL  [initandlisten] allocator: tcmalloc
2019-08-14T15:17:59.220+0200 I CONTROL  [initandlisten] modules: none
2019-08-14T15:17:59.220+0200 I CONTROL  [initandlisten] build environment:
2019-08-14T15:17:59.220+0200 I CONTROL  [initandlisten]     distmod: ubuntu1804
2019-08-14T15:17:59.220+0200 I CONTROL  [initandlisten]     distarch: x86_64
2019-08-14T15:17:59.220+0200 I CONTROL  [initandlisten]     target_arch: x86_64
2019-08-14T15:17:59.220+0200 I CONTROL  [initandlisten] options: { systemLog: { quiet: true } }
2019-08-14T15:17:59.220+0200 I STORAGE  [initandlisten] Detected data files in /data/db created by the 'wiredTiger' storage engine, so setting the active storage engine to 'wiredTiger'.
2019-08-14T15:17:59.220+0200 I STORAGE  [initandlisten] 
2019-08-14T15:17:59.220+0200 I STORAGE  [initandlisten] ** WARNING: Using the XFS filesystem is strongly recommended with the WiredTiger storage engine
2019-08-14T15:17:59.220+0200 I STORAGE  [initandlisten] **          See http://dochub.mongodb.org/core/prodnotes-filesystem
2019-08-14T15:17:59.220+0200 I STORAGE  [initandlisten] wiredtiger_open config: create,cache_size=7458M,session_max=20000,eviction=(threads_min=4,threads_max=4),config_base=false,statistics=(fast),log=(enabled=true,archive=true,path=journal,compressor=snappy),file_manager=(close_idle_time=100000),statistics_log=(wait=0),verbose=(recovery_progress),
2019-08-14T15:18:01.146+0200 I STORAGE  [initandlisten] WiredTiger message [1565788681:146829][13872:0x7fd5eb53dc80], txn-recover: Main recovery loop: starting at 155/5120 to 156/256
2019-08-14T15:18:01.317+0200 I STORAGE  [initandlisten] WiredTiger message [1565788681:317927][13872:0x7fd5eb53dc80], txn-recover: Recovering log 155 through 156
2019-08-14T15:18:01.436+0200 I STORAGE  [initandlisten] WiredTiger message [1565788681:436721][13872:0x7fd5eb53dc80], txn-recover: Recovering log 156 through 156
2019-08-14T15:18:01.525+0200 I STORAGE  [initandlisten] WiredTiger message [1565788681:525651][13872:0x7fd5eb53dc80], txn-recover: Set global recovery timestamp: 0
2019-08-14T15:18:01.618+0200 I RECOVERY [initandlisten] WiredTiger recoveryTimestamp. Ts: Timestamp(0, 0)
2019-08-14T15:18:01.642+0200 I CONTROL  [initandlisten] 
2019-08-14T15:18:01.642+0200 I CONTROL  [initandlisten] ** WARNING: Access control is not enabled for the database.
2019-08-14T15:18:01.642+0200 I CONTROL  [initandlisten] **          Read and write access to data and configuration is unrestricted.
2019-08-14T15:18:01.642+0200 I CONTROL  [initandlisten] 
2019-08-14T15:18:01.642+0200 I CONTROL  [initandlisten] ** WARNING: This server is bound to localhost.
2019-08-14T15:18:01.642+0200 I CONTROL  [initandlisten] **          Remote systems will be unable to connect to this server. 
2019-08-14T15:18:01.642+0200 I CONTROL  [initandlisten] **          Start the server with --bind_ip <address> to specify which IP 
2019-08-14T15:18:01.642+0200 I CONTROL  [initandlisten] **          addresses it should serve responses from, or with --bind_ip_all to
2019-08-14T15:18:01.643+0200 I CONTROL  [initandlisten] **          bind to all interfaces. If this behavior is desired, start the
2019-08-14T15:18:01.643+0200 I CONTROL  [initandlisten] **          server with --bind_ip 127.0.0.1 to disable this warning.
2019-08-14T15:18:01.643+0200 I CONTROL  [initandlisten] 
2019-08-14T15:18:01.689+0200 I FTDC     [initandlisten] Initializing full-time diagnostic data capture with directory '/data/db/diagnostic.data'
2019-08-14T15:18:01.691+0200 I NETWORK  [initandlisten] waiting for connections on port 27017
2019-08-14T15:18:01.819+0200 I CONTROL  [signalProcessingThread] got signal 2 (Interrupt), will terminate after current cmd ends
2019-08-14T15:18:01.819+0200 I NETWORK  [signalProcessingThread] shutdown: going to close listening sockets...
2019-08-14T15:18:01.820+0200 I NETWORK  [signalProcessingThread] removing socket file: /tmp/mongodb-27017.sock
2019-08-14T15:18:01.820+0200 I CONTROL  [signalProcessingThread] Shutting down free monitoring
2019-08-14T15:18:01.820+0200 I FTDC     [signalProcessingThread] Shutting down full-time diagnostic data capture
2019-08-14T15:18:01.820+0200 I STORAGE  [signalProcessingThread] WiredTigerKVEngine shutting down
2019-08-14T15:18:01.825+0200 I STORAGE  [signalProcessingThread] Shutting down session sweeper thread
2019-08-14T15:18:01.825+0200 I STORAGE  [signalProcessingThread] Finished shutting down session sweeper thread
2019-08-14T15:18:01.983+0200 I STORAGE  [signalProcessingThread] shutdown: removing fs lock...
2019-08-14T15:18:01.983+0200 I CONTROL  [signalProcessingThread] now exiting
2019-08-14T15:18:01.983+0200 I CONTROL  [signalProcessingThread] shutting down with code:0
2019-08-14T15:19:45.045+0200 I CONTROL  [main] Automatically disabling TLS 1.0, to force-enable TLS 1.0 specify --sslDisabledProtocols 'none'
2019-08-14T15:19:45.050+0200 I CONTROL  [initandlisten] MongoDB starting : pid=13978 port=27017 dbpath=/data/db 64-bit host=pc
2019-08-14T15:19:45.051+0200 I CONTROL  [initandlisten] db version v4.0.9
2019-08-14T15:19:45.051+0200 I CONTROL  [initandlisten] git version: fc525e2d9b0e4bceff5c2201457e564362909765
2019-08-14T15:19:45.051+0200 I CONTROL  [initandlisten] OpenSSL version: OpenSSL 1.1.1b  26 Feb 2019
2019-08-14T15:19:45.051+0200 I CONTROL  [initandlisten] allocator: tcmalloc
2019-08-14T15:19:45.051+0200 I CONTROL  [initandlisten] modules: none
2019-08-14T15:19:45.051+0200 I CONTROL  [initandlisten] build environment:
2019-08-14T15:19:45.051+0200 I CONTROL  [initandlisten]     distmod: ubuntu1804
2019-08-14T15:19:45.051+0200 I CONTROL  [initandlisten]     distarch: x86_64
2019-08-14T15:19:45.051+0200 I CONTROL  [initandlisten]     target_arch: x86_64
2019-08-14T15:19:45.051+0200 I CONTROL  [initandlisten] options: { systemLog: { quiet: true } }
2019-08-14T15:19:45.051+0200 I STORAGE  [initandlisten] Detected data files in /data/db created by the 'wiredTiger' storage engine, so setting the active storage engine to 'wiredTiger'.
2019-08-14T15:19:45.051+0200 I STORAGE  [initandlisten] 
2019-08-14T15:19:45.051+0200 I STORAGE  [initandlisten] ** WARNING: Using the XFS filesystem is strongly recommended with the WiredTiger storage engine
2019-08-14T15:19:45.051+0200 I STORAGE  [initandlisten] **          See http://dochub.mongodb.org/core/prodnotes-filesystem
2019-08-14T15:19:45.051+0200 I STORAGE  [initandlisten] wiredtiger_open config: create,cache_size=7458M,session_max=20000,eviction=(threads_min=4,threads_max=4),config_base=false,statistics=(fast),log=(enabled=true,archive=true,path=journal,compressor=snappy),file_manager=(close_idle_time=100000),statistics_log=(wait=0),verbose=(recovery_progress),
2019-08-14T15:19:46.966+0200 I STORAGE  [initandlisten] WiredTiger message [1565788786:966274][13978:0x7f4037dd4c80], txn-recover: Main recovery loop: starting at 156/5120 to 157/256
2019-08-14T15:19:47.137+0200 I STORAGE  [initandlisten] WiredTiger message [1565788787:137484][13978:0x7f4037dd4c80], txn-recover: Recovering log 156 through 157
2019-08-14T15:19:47.245+0200 I STORAGE  [initandlisten] WiredTiger message [1565788787:245580][13978:0x7f4037dd4c80], txn-recover: Recovering log 157 through 157
2019-08-14T15:19:47.331+0200 I STORAGE  [initandlisten] WiredTiger message [1565788787:331286][13978:0x7f4037dd4c80], txn-recover: Set global recovery timestamp: 0
2019-08-14T15:19:47.387+0200 I RECOVERY [initandlisten] WiredTiger recoveryTimestamp. Ts: Timestamp(0, 0)
2019-08-14T15:19:47.410+0200 I CONTROL  [initandlisten] 
2019-08-14T15:19:47.410+0200 I CONTROL  [initandlisten] ** WARNING: Access control is not enabled for the database.
2019-08-14T15:19:47.410+0200 I CONTROL  [initandlisten] **          Read and write access to data and configuration is unrestricted.
2019-08-14T15:19:47.410+0200 I CONTROL  [initandlisten] 
2019-08-14T15:19:47.410+0200 I CONTROL  [initandlisten] ** WARNING: This server is bound to localhost.
2019-08-14T15:19:47.410+0200 I CONTROL  [initandlisten] **          Remote systems will be unable to connect to this server. 
2019-08-14T15:19:47.410+0200 I CONTROL  [initandlisten] **          Start the server with --bind_ip <address> to specify which IP 
2019-08-14T15:19:47.410+0200 I CONTROL  [initandlisten] **          addresses it should serve responses from, or with --bind_ip_all to
2019-08-14T15:19:47.410+0200 I CONTROL  [initandlisten] **          bind to all interfaces. If this behavior is desired, start the
2019-08-14T15:19:47.410+0200 I CONTROL  [initandlisten] **          server with --bind_ip 127.0.0.1 to disable this warning.
2019-08-14T15:19:47.410+0200 I CONTROL  [initandlisten] 
2019-08-14T15:19:47.456+0200 I FTDC     [initandlisten] Initializing full-time diagnostic data capture with directory '/data/db/diagnostic.data'
2019-08-14T15:19:47.457+0200 I NETWORK  [initandlisten] waiting for connections on port 27017
internal/modules/cjs/loader.js:638
    throw err;
    ^

Error: Cannot find module '/home/karel/Projects/mdsArt/start'
    at Function.Module._resolveFilename (internal/modules/cjs/loader.js:636:15)
    at Function.Module._load (internal/modules/cjs/loader.js:562:25)
    at Function.Module.runMain (internal/modules/cjs/loader.js:829:12)
    at startup (internal/bootstrap/node.js:283:19)
    at bootstrapNodeJSCore (internal/bootstrap/node.js:622:3)
(node:14021) DeprecationWarning: current URL string parser is deprecated, and will be removed in a future version. To use the new parser, pass option { useNewUrlParser: true } to MongoClient.connect.
Server is running at PORT 3000
2019-08-14T15:19:51.349+0200 I NETWORK  [conn1] received client metadata from 127.0.0.1:52966 conn1: { driver: { name: "nodejs", version: "3.1.13" }, os: { type: "Linux", name: "linux", architecture: "x64", version: "5.0.0-25-generic" }, platform: "Node.js v10.16.0, LE, mongodb-core: 3.1.11" }
Mongoose connected!
2019-08-14T15:20:03.194+0200 I CONTROL  [signalProcessingThread] got signal 2 (Interrupt), will terminate after current cmd ends
2019-08-14T15:20:03.195+0200 I NETWORK  [signalProcessingThread] shutdown: going to close listening sockets...
2019-08-14T15:20:03.195+0200 I NETWORK  [signalProcessingThread] removing socket file: /tmp/mongodb-27017.sock
2019-08-14T15:20:03.195+0200 I CONTROL  [signalProcessingThread] Shutting down free monitoring
2019-08-14T15:20:03.196+0200 I FTDC     [signalProcessingThread] Shutting down full-time diagnostic data capture
2019-08-14T15:20:03.201+0200 I STORAGE  [signalProcessingThread] WiredTigerKVEngine shutting down
2019-08-14T15:20:03.206+0200 I STORAGE  [signalProcessingThread] Shutting down session sweeper thread
2019-08-14T15:20:03.206+0200 I STORAGE  [signalProcessingThread] Finished shutting down session sweeper thread
2019-08-14T15:20:03.289+0200 I STORAGE  [signalProcessingThread] shutdown: removing fs lock...
2019-08-14T15:20:03.289+0200 I CONTROL  [signalProcessingThread] now exiting
2019-08-14T15:20:03.289+0200 I CONTROL  [signalProcessingThread] shutting down with code:0
2019-08-14T15:20:06.597+0200 I CONTROL  [main] Automatically disabling TLS 1.0, to force-enable TLS 1.0 specify --sslDisabledProtocols 'none'
2019-08-14T15:20:06.605+0200 I CONTROL  [initandlisten] MongoDB starting : pid=14052 port=27017 dbpath=/data/db 64-bit host=pc
2019-08-14T15:20:06.605+0200 I CONTROL  [initandlisten] db version v4.0.9
2019-08-14T15:20:06.605+0200 I CONTROL  [initandlisten] git version: fc525e2d9b0e4bceff5c2201457e564362909765
2019-08-14T15:20:06.605+0200 I CONTROL  [initandlisten] OpenSSL version: OpenSSL 1.1.1b  26 Feb 2019
2019-08-14T15:20:06.605+0200 I CONTROL  [initandlisten] allocator: tcmalloc
2019-08-14T15:20:06.605+0200 I CONTROL  [initandlisten] modules: none
2019-08-14T15:20:06.605+0200 I CONTROL  [initandlisten] build environment:
2019-08-14T15:20:06.605+0200 I CONTROL  [initandlisten]     distmod: ubuntu1804
2019-08-14T15:20:06.605+0200 I CONTROL  [initandlisten]     distarch: x86_64
2019-08-14T15:20:06.605+0200 I CONTROL  [initandlisten]     target_arch: x86_64
2019-08-14T15:20:06.605+0200 I CONTROL  [initandlisten] options: { systemLog: { quiet: true } }
2019-08-14T15:20:06.605+0200 I STORAGE  [initandlisten] Detected data files in /data/db created by the 'wiredTiger' storage engine, so setting the active storage engine to 'wiredTiger'.
2019-08-14T15:20:06.605+0200 I STORAGE  [initandlisten] 
2019-08-14T15:20:06.605+0200 I STORAGE  [initandlisten] ** WARNING: Using the XFS filesystem is strongly recommended with the WiredTiger storage engine
2019-08-14T15:20:06.605+0200 I STORAGE  [initandlisten] **          See http://dochub.mongodb.org/core/prodnotes-filesystem
2019-08-14T15:20:06.606+0200 I STORAGE  [initandlisten] wiredtiger_open config: create,cache_size=7458M,session_max=20000,eviction=(threads_min=4,threads_max=4),config_base=false,statistics=(fast),log=(enabled=true,archive=true,path=journal,compressor=snappy),file_manager=(close_idle_time=100000),statistics_log=(wait=0),verbose=(recovery_progress),
2019-08-14T15:20:08.520+0200 I STORAGE  [initandlisten] WiredTiger message [1565788808:519993][14052:0x7fe740336c80], txn-recover: Main recovery loop: starting at 157/5120 to 158/256
2019-08-14T15:20:08.689+0200 I STORAGE  [initandlisten] WiredTiger message [1565788808:689416][14052:0x7fe740336c80], txn-recover: Recovering log 157 through 158
2019-08-14T15:20:08.804+0200 I STORAGE  [initandlisten] WiredTiger message [1565788808:804324][14052:0x7fe740336c80], txn-recover: Recovering log 158 through 158
2019-08-14T15:20:08.892+0200 I STORAGE  [initandlisten] WiredTiger message [1565788808:892098][14052:0x7fe740336c80], txn-recover: Set global recovery timestamp: 0
2019-08-14T15:20:08.994+0200 I RECOVERY [initandlisten] WiredTiger recoveryTimestamp. Ts: Timestamp(0, 0)
2019-08-14T15:20:09.018+0200 I CONTROL  [initandlisten] 
2019-08-14T15:20:09.019+0200 I CONTROL  [initandlisten] ** WARNING: Access control is not enabled for the database.
2019-08-14T15:20:09.019+0200 I CONTROL  [initandlisten] **          Read and write access to data and configuration is unrestricted.
2019-08-14T15:20:09.019+0200 I CONTROL  [initandlisten] 
2019-08-14T15:20:09.019+0200 I CONTROL  [initandlisten] ** WARNING: This server is bound to localhost.
2019-08-14T15:20:09.019+0200 I CONTROL  [initandlisten] **          Remote systems will be unable to connect to this server. 
2019-08-14T15:20:09.019+0200 I CONTROL  [initandlisten] **          Start the server with --bind_ip <address> to specify which IP 
2019-08-14T15:20:09.019+0200 I CONTROL  [initandlisten] **          addresses it should serve responses from, or with --bind_ip_all to
2019-08-14T15:20:09.019+0200 I CONTROL  [initandlisten] **          bind to all interfaces. If this behavior is desired, start the
2019-08-14T15:20:09.019+0200 I CONTROL  [initandlisten] **          server with --bind_ip 127.0.0.1 to disable this warning.
2019-08-14T15:20:09.019+0200 I CONTROL  [initandlisten] 
2019-08-14T15:20:09.065+0200 I FTDC     [initandlisten] Initializing full-time diagnostic data capture with directory '/data/db/diagnostic.data'
2019-08-14T15:20:09.067+0200 I NETWORK  [initandlisten] waiting for connections on port 27017
internal/modules/cjs/loader.js:638
    throw err;
    ^

Error: Cannot find module '/home/karel/Projects/mdsArt/start'
    at Function.Module._resolveFilename (internal/modules/cjs/loader.js:636:15)
    at Function.Module._load (internal/modules/cjs/loader.js:562:25)
    at Function.Module.runMain (internal/modules/cjs/loader.js:829:12)
    at startup (internal/bootstrap/node.js:283:19)
    at bootstrapNodeJSCore (internal/bootstrap/node.js:622:3)
2019-08-14T15:20:10.134+0200 I CONTROL  [signalProcessingThread] got signal 2 (Interrupt), will terminate after current cmd ends
2019-08-14T15:20:10.134+0200 I NETWORK  [signalProcessingThread] shutdown: going to close listening sockets...
2019-08-14T15:20:10.134+0200 I NETWORK  [signalProcessingThread] removing socket file: /tmp/mongodb-27017.sock
2019-08-14T15:20:10.135+0200 I CONTROL  [signalProcessingThread] Shutting down free monitoring
2019-08-14T15:20:10.135+0200 I FTDC     [signalProcessingThread] Shutting down full-time diagnostic data capture
2019-08-14T15:20:10.140+0200 I STORAGE  [signalProcessingThread] WiredTigerKVEngine shutting down
2019-08-14T15:20:10.145+0200 I STORAGE  [signalProcessingThread] Shutting down session sweeper thread
2019-08-14T15:20:10.145+0200 I STORAGE  [signalProcessingThread] Finished shutting down session sweeper thread
2019-08-14T15:20:10.277+0200 I STORAGE  [signalProcessingThread] shutdown: removing fs lock...
2019-08-14T15:20:10.277+0200 I CONTROL  [signalProcessingThread] now exiting
2019-08-14T15:20:10.278+0200 I CONTROL  [signalProcessingThread] shutting down with code:0
